<?xml version="1.0" encoding="UTF-8"?>
<!-- Generated by org.testng.reporters.JUnitReportReporter -->
<testsuite hostname="POGONOPHILE" failures="0" tests="2" name="runner.AmazonSearchTestNGRunner" time="34.067" errors="0" timestamp="2023-06-04T16:07:55 IST" skipped="0">
  <testcase classname="runner.AmazonSearchTestNGRunner" name="runScenario" time="21.769"/>
  <system-out/>
  <testcase classname="runner.AmazonSearchTestNGRunner" name="runScenario" time="12.298"/>
  <system-out/>
</testsuite> <!-- runner.AmazonSearchTestNGRunner -->
